<?xml version="1.0" encoding="UTF-8"?>
<!-- Generated by org.testng.reporters.JUnitReportReporter -->
<testsuite skipped="0" hostname="DESKTOP-5HFHNH1" name="Module2_ClaimsTest.PBClaimsTest" tests="1" failures="0" timestamp="2024-01-25T12:58:01 IST" time="12.507" errors="0">
  <testcase name="ClickOnClaim" time="12.507" classname="Module2_ClaimsTest.PBClaimsTest"/>
  <system-out/>
</testsuite> <!-- Module2_ClaimsTest.PBClaimsTest -->
