<?xml version="1.0" encoding="UTF-8"?>
<!-- Generated by org.testng.reporters.JUnitReportReporter -->
<testsuite skipped="0" hostname="DESKTOP-5HFHNH1" name="Module1_LoginTest.PBLoginTest1" tests="3" failures="0" timestamp="2024-02-24T23:06:12 IST" time="19.980" errors="0">
  <testcase name="verifypoliciesName" time="10.669" classname="Module1_LoginTest.PBLoginTest1"/>
  <system-out/>
  <testcase name="verifyProfileName" time="4.038" classname="Module1_LoginTest.PBLoginTest1"/>
  <system-out/>
  <testcase name="ClickMenuBtn" time="5.273" classname="Module1_LoginTest.PBLoginTest1"/>
  <system-out/>
</testsuite> <!-- Module1_LoginTest.PBLoginTest1 -->
